0 info it worked if it ends with ok
1 verbose cli [ 'C:\\Program Files\\nodejs\\node.exe',
1 verbose cli   'C:\\Program Files\\nodejs\\node_modules\\npm\\bin\\npm-cli.js',
1 verbose cli   'install',
1 verbose cli   'git@github.com:mscale92/React-Practice.git' ]
2 info using npm@3.10.9
3 info using node@v7.1.0
4 silly loadCurrentTree Starting
5 silly install loadCurrentTree
6 silly install readLocalPackageData
7 silly fetchPackageMetaData git@github.com:mscale92/React-Practice.git
8 silly fetchPackageMetaData Error: Unsupported URL Type: github.com:mscale92/React-Practice.git
8 silly fetchPackageMetaData     at parseUrl (C:\Program Files\nodejs\node_modules\npm\node_modules\npm-package-arg\npa.js:186:13)
8 silly fetchPackageMetaData     at npa (C:\Program Files\nodejs\node_modules\npm\node_modules\npm-package-arg\npa.js:79:12)
8 silly fetchPackageMetaData     at module.exports (C:\Program Files\nodejs\node_modules\npm\node_modules\realize-package-specifier\index.js:12:15)
8 silly fetchPackageMetaData     at fetchPackageMetadata (C:\Program Files\nodejs\node_modules\npm\lib\fetch-package-metadata.js:54:12)
8 silly fetchPackageMetaData     at C:\Program Files\nodejs\node_modules\npm\lib\install\deps.js:244:14
8 silly fetchPackageMetaData     at C:\Program Files\nodejs\node_modules\npm\node_modules\slide\lib\async-map.js:52:35
8 silly fetchPackageMetaData     at Array.forEach (native)
8 silly fetchPackageMetaData     at C:\Program Files\nodejs\node_modules\npm\node_modules\slide\lib\async-map.js:52:11
8 silly fetchPackageMetaData     at Array.forEach (native)
8 silly fetchPackageMetaData     at asyncMap (C:\Program Files\nodejs\node_modules\npm\node_modules\slide\lib\async-map.js:51:8)
8 silly fetchPackageMetaData  error for git@github.com:mscale92/React-Practice.git Error: Unsupported URL Type: github.com:mscale92/React-Practice.git
8 silly fetchPackageMetaData     at parseUrl (C:\Program Files\nodejs\node_modules\npm\node_modules\npm-package-arg\npa.js:186:13)
8 silly fetchPackageMetaData     at npa (C:\Program Files\nodejs\node_modules\npm\node_modules\npm-package-arg\npa.js:79:12)
8 silly fetchPackageMetaData     at module.exports (C:\Program Files\nodejs\node_modules\npm\node_modules\realize-package-specifier\index.js:12:15)
8 silly fetchPackageMetaData     at fetchPackageMetadata (C:\Program Files\nodejs\node_modules\npm\lib\fetch-package-metadata.js:54:12)
8 silly fetchPackageMetaData     at C:\Program Files\nodejs\node_modules\npm\lib\install\deps.js:244:14
8 silly fetchPackageMetaData     at C:\Program Files\nodejs\node_modules\npm\node_modules\slide\lib\async-map.js:52:35
8 silly fetchPackageMetaData     at Array.forEach (native)
8 silly fetchPackageMetaData     at C:\Program Files\nodejs\node_modules\npm\node_modules\slide\lib\async-map.js:52:11
8 silly fetchPackageMetaData     at Array.forEach (native)
8 silly fetchPackageMetaData     at asyncMap (C:\Program Files\nodejs\node_modules\npm\node_modules\slide\lib\async-map.js:51:8)
9 silly rollbackFailedOptional Starting
10 silly rollbackFailedOptional Finishing
11 silly runTopLevelLifecycles Finishing
12 silly install printInstalled
13 verbose stack Error: Unsupported URL Type: github.com:mscale92/React-Practice.git
13 verbose stack     at parseUrl (C:\Program Files\nodejs\node_modules\npm\node_modules\npm-package-arg\npa.js:186:13)
13 verbose stack     at npa (C:\Program Files\nodejs\node_modules\npm\node_modules\npm-package-arg\npa.js:79:12)
13 verbose stack     at module.exports (C:\Program Files\nodejs\node_modules\npm\node_modules\realize-package-specifier\index.js:12:15)
13 verbose stack     at fetchPackageMetadata (C:\Program Files\nodejs\node_modules\npm\lib\fetch-package-metadata.js:54:12)
13 verbose stack     at C:\Program Files\nodejs\node_modules\npm\lib\install\deps.js:244:14
13 verbose stack     at C:\Program Files\nodejs\node_modules\npm\node_modules\slide\lib\async-map.js:52:35
13 verbose stack     at Array.forEach (native)
13 verbose stack     at C:\Program Files\nodejs\node_modules\npm\node_modules\slide\lib\async-map.js:52:11
13 verbose stack     at Array.forEach (native)
13 verbose stack     at asyncMap (C:\Program Files\nodejs\node_modules\npm\node_modules\slide\lib\async-map.js:51:8)
14 verbose cwd C:\Users\Mary\Documents\Coding Practice\React-Practice
15 error Windows_NT 10.0.14393
16 error argv "C:\\Program Files\\nodejs\\node.exe" "C:\\Program Files\\nodejs\\node_modules\\npm\\bin\\npm-cli.js" "install" "git@github.com:mscale92/React-Practice.git"
17 error node v7.1.0
18 error npm  v3.10.9
19 error Unsupported URL Type: github.com:mscale92/React-Practice.git
20 error If you need help, you may report this error at:
20 error     <https://github.com/npm/npm/issues>
21 verbose exit [ 1, true ]
